<?xml version="1.0" encoding="utf-8"?><testsuites><testsuite name="pytest" errors="0" failures="0" skipped="0" tests="52" time="14.131" timestamp="2025-10-30T16:27:42.639168" hostname="ITSLOAN27102157"><testcase classname="tests.test_Acquisition.TestDataAcquisition" name="test_requirements_file_exists" time="0.001" /><testcase classname="tests.test_Acquisition.TestDataAcquisition" name="test_config_file_exists" time="0.001" /><testcase classname="tests.test_Acquisition.TestDataAcquisition" name="test_config_file_loads" time="0.004" /><testcase classname="tests.test_Acquisition.TestDataAcquisition" name="test_languages_configured" time="0.005" /><testcase classname="tests.test_Acquisition.TestDataAcquisition" name="test_output_directories_exist" time="0.001" /><testcase classname="tests.test_Acquisition.TestDataAcquisition" name="test_metadata_files_exist" time="0.001" /><testcase classname="tests.test_Acquisition.TestDataAcquisition" name="test_metadata_files_valid_json" time="0.006" /><testcase classname="tests.test_Acquisition.TestDataAcquisition" name="test_metadata_entries_have_required_fields" time="0.002" /><testcase classname="tests.test_Acquisition.TestDataAcquisition" name="test_downloaded_files_exist" time="0.002" /><testcase classname="tests.test_Acquisition.TestDataAcquisition" name="test_downloaded_files_not_empty" time="0.001" /><testcase classname="tests.test_Acquisition.TestDataAcquisition" name="test_filter_criteria_in_config" time="0.004" /><testcase classname="tests.test_Acquisition.TestRequirements" name="test_required_packages_in_requirements" time="0.002" /><testcase classname="tests.test_dataset_filter" name="test_organize_and_filter_basic" time="0.019" /><testcase classname="tests.test_pipeline_basics" name="test_pipeline_initialization" time="1.080" /><testcase classname="tests.test_preprocessing.TestPIIRemoval" name="test_api_key_removal" time="0.001" /><testcase classname="tests.test_preprocessing.TestPIIRemoval" name="test_email_removal" time="0.001" /><testcase classname="tests.test_preprocessing.TestPIIRemoval" name="test_github_token_removal" time="0.001" /><testcase classname="tests.test_preprocessing.TestPIIRemoval" name="test_ip_address_removal" time="0.001" /><testcase classname="tests.test_preprocessing.TestPIIRemoval" name="test_process_file" time="0.012" /><testcase classname="tests.test_preprocessing.TestPIIRemoval" name="test_url_removal" time="0.001" /><testcase classname="tests.test_preprocessing.TestPIIRemoval" name="test_whitelist_preservation" time="0.002" /><testcase classname="tests.test_preprocessing.TestDeduplication" name="test_code_normalization" time="0.004" /><testcase classname="tests.test_preprocessing.TestDeduplication" name="test_exact_hash_calculation" time="0.002" /><testcase classname="tests.test_preprocessing.TestDeduplication" name="test_find_exact_duplicates" time="0.002" /><testcase classname="tests.test_preprocessing.TestDeduplication" name="test_process_directory" time="0.021" /><testcase classname="tests.test_preprocessing.TestDeduplication" name="test_similarity_calculation" time="0.002" /><testcase classname="tests.test_preprocessing.TestPreprocessingPipeline" name="test_tokenization_with_mock" time="0.988" /><testcase classname="tests.test_preprocessing.TestIntegration" name="test_full_pipeline_integration" time="0.385" /><testcase classname="tests.test_simple" name="test_simple" time="0.001" /><testcase classname="tests.anomaly.test_bias_analysis.TestBiasAnalysis" name="test_language_distribution" time="0.003" /><testcase classname="tests.anomaly.test_bias_analysis.TestBiasAnalysis" name="test_complexity_bias" time="0.002" /><testcase classname="tests.anomaly.test_bias_analysis.TestBiasAnalysis" name="test_license_fairness" time="0.003" /><testcase classname="tests.anomaly.test_bias_analysis.TestBiasAnalysis" name="test_fairness_metrics" time="0.002" /><testcase classname="tests.anomaly.test_bias_analysis.TestBiasAnalysis" name="test_complexity_thresholds" time="0.002" /><testcase classname="tests.anomaly.test_bias_analysis.TestBiasAnalysis" name="test_statistical_significance" time="0.003" /><testcase classname="tests.anomaly.test_bias_analysis.TestBiasAnalysis" name="test_bias_mitigation_impact" time="0.003" /><testcase classname="tests.anomaly.test_data_quality.TestAnomalyDetection" name="test_file_size_anomalies" time="0.001" /><testcase classname="tests.anomaly.test_data_quality.TestAnomalyDetection" name="test_complexity_anomalies" time="0.001" /><testcase classname="tests.anomaly.test_data_quality.TestAnomalyDetection" name="test_duplicate_detection" time="0.001" /><testcase classname="tests.anomaly.test_data_quality.TestAnomalyDetection" name="test_statistical_anomalies" time="0.001" /><testcase classname="tests.anomaly.test_data_quality.TestAnomalyDetection" name="test_pii_pattern_detection" time="0.002" /><testcase classname="tests.anomaly.test_data_quality.TestAnomalyDetection" name="test_language_distribution_bias" time="0.001" /><testcase classname="tests.integration.test_pipeline_integration.TestPipelineIntegration" name="test_end_to_end_pipeline" time="0.319" /><testcase classname="tests.integration.test_pipeline_integration.TestPipelineIntegration" name="test_error_propagation" time="0.361" /><testcase classname="tests.integration.test_pipeline_integration.TestPipelineIntegration" name="test_data_consistency" time="0.417" /><testcase classname="tests.integration.test_pipeline_integration.TestPipelineIntegration" name="test_performance_metrics" time="0.271" /><testcase classname="tests.unit.test_acquisition.TestDataAcquisition" name="test_aws_credentials_validation" time="0.003" /><testcase classname="tests.unit.test_acquisition.TestDataAcquisition" name="test_download_dataset" time="0.003" /><testcase classname="tests.unit.test_acquisition.TestDataAcquisition" name="test_metadata_validation" time="0.005" /><testcase classname="tests.unit.test_acquisition.TestDataAcquisition" name="test_file_size_validation" time="0.002" /><testcase classname="tests.unit.test_acquisition.TestDataAcquisition" name="test_sha256_verification" time="0.002" /><testcase classname="tests.unit.test_acquisition.TestDataAcquisition" name="test_error_handling" time="0.004" /></testsuite></testsuites>